<?xml version="1.0" encoding="UTF-8"?>
<!-- Generated by org.testng.reporters.JUnitXMLReporter -->
<testsuite hostname="Ashishs-MacBook-Pro.local" name="Default test" tests="3" failures="0" timestamp="16 Feb 2019 15:58:50 GMT" time="166.897" errors="0">
  <testcase name="createProjectCase" time="27.894" classname="com.slate.assignment.TodoistCases"/>
  <testcase name="createTaskCase" time="42.237" classname="com.slate.assignment.TodoistCases"/>
  <testcase name="reopenTask" time="52.409" classname="com.slate.assignment.TodoistCases"/>
</testsuite> <!-- Default test -->
