<?xml version="1.0" encoding="UTF-8"?>
<!-- Generated by org.testng.reporters.JUnitXMLReporter -->
<testsuite hostname="Ashishs-MacBook-Pro.local" name="Android native app test on Android 7" tests="3" failures="0" timestamp="16 Feb 2019 16:50:44 GMT" time="167.633" errors="0">
  <testcase name="createProjectCase" time="27.731" classname="com.slate.assignment.TodoistCases"/>
  <testcase name="createTaskCase" time="42.868" classname="com.slate.assignment.TodoistCases"/>
  <testcase name="reopenTask" time="51.157" classname="com.slate.assignment.TodoistCases"/>
</testsuite> <!-- Android native app test on Android 7 -->
