<?xml version="1.0" encoding="UTF-8"?>
<!-- Generated by org.testng.reporters.JUnitXMLReporter -->
<testsuite hostname="Ashishs-MacBook-Pro.local" name="Android native app test on Android 7" tests="2" failures="0" timestamp="16 Feb 2019 08:24:54 GMT" time="95.963" errors="0">
  <testcase name="createProjectCase" time="24.297" classname="com.slate.assignment.TodoistCases"/>
  <testcase name="createTaskCase" time="41.753" classname="com.slate.assignment.TodoistCases"/>
</testsuite> <!-- Android native app test on Android 7 -->
